Performing C SOURCE FILE Test CMAKE_HAVE_LIBC_PTHREAD failed with the following output:
Change Dir: /home/adduser/documents/css499/libtorch-sdk/build/CMakeFiles/CMakeTmp

Run Build Command(s):/usr/bin/make cmTC_3ea54/fast && /usr/bin/make  -f CMakeFiles/cmTC_3ea54.dir/build.make CMakeFiles/cmTC_3ea54.dir/build
make[1]: Entering directory '/home/adduser/documents/css499/libtorch-sdk/build/CMakeFiles/CMakeTmp'
Building C object CMakeFiles/cmTC_3ea54.dir/src.c.o
/usr/bin/cc -DCMAKE_HAVE_LIBC_PTHREAD   -o CMakeFiles/cmTC_3ea54.dir/src.c.o -c /home/adduser/documents/css499/libtorch-sdk/build/CMakeFiles/CMakeTmp/src.c
Linking C executable cmTC_3ea54
/home/adduser/.local/bin/cmake -E cmake_link_script CMakeFiles/cmTC_3ea54.dir/link.txt --verbose=1
/usr/bin/cc CMakeFiles/cmTC_3ea54.dir/src.c.o -o cmTC_3ea54 
/usr/bin/ld: CMakeFiles/cmTC_3ea54.dir/src.c.o: in function `main':
src.c:(.text+0x46): undefined reference to `pthread_create'
/usr/bin/ld: src.c:(.text+0x52): undefined reference to `pthread_detach'
/usr/bin/ld: src.c:(.text+0x5e): undefined reference to `pthread_cancel'
/usr/bin/ld: src.c:(.text+0x6f): undefined reference to `pthread_join'
collect2: error: ld returned 1 exit status
make[1]: *** [CMakeFiles/cmTC_3ea54.dir/build.make:106: cmTC_3ea54] Error 1
make[1]: Leaving directory '/home/adduser/documents/css499/libtorch-sdk/build/CMakeFiles/CMakeTmp'
make: *** [Makefile:140: cmTC_3ea54/fast] Error 2


Source file was:
#include <pthread.h>

static void* test_func(void* data)
{
  return data;
}

int main(void)
{
  pthread_t thread;
  pthread_create(&thread, NULL, test_func, NULL);
  pthread_detach(thread);
  pthread_cancel(thread);
  pthread_join(thread, NULL);
  pthread_atfork(NULL, NULL, NULL);
  pthread_exit(NULL);

  return 0;
}

Determining if the function pthread_create exists in the pthreads failed with the following output:
Change Dir: /home/adduser/documents/css499/libtorch-sdk/build/CMakeFiles/CMakeTmp

Run Build Command(s):/usr/bin/make cmTC_031cd/fast && /usr/bin/make  -f CMakeFiles/cmTC_031cd.dir/build.make CMakeFiles/cmTC_031cd.dir/build
make[1]: Entering directory '/home/adduser/documents/css499/libtorch-sdk/build/CMakeFiles/CMakeTmp'
Building C object CMakeFiles/cmTC_031cd.dir/CheckFunctionExists.c.o
/usr/bin/cc   -DCHECK_FUNCTION_EXISTS=pthread_create -o CMakeFiles/cmTC_031cd.dir/CheckFunctionExists.c.o -c /home/adduser/.local/share/cmake-3.19/Modules/CheckFunctionExists.c
Linking C executable cmTC_031cd
/home/adduser/.local/bin/cmake -E cmake_link_script CMakeFiles/cmTC_031cd.dir/link.txt --verbose=1
/usr/bin/cc  -DCHECK_FUNCTION_EXISTS=pthread_create CMakeFiles/cmTC_031cd.dir/CheckFunctionExists.c.o -o cmTC_031cd  -lpthreads 
/usr/bin/ld: cannot find -lpthreads
collect2: error: ld returned 1 exit status
make[1]: *** [CMakeFiles/cmTC_031cd.dir/build.make:106: cmTC_031cd] Error 1
make[1]: Leaving directory '/home/adduser/documents/css499/libtorch-sdk/build/CMakeFiles/CMakeTmp'
make: *** [Makefile:140: cmTC_031cd/fast] Error 2



